<?xml version="1.0" encoding="utf-8"?><testsuites name="pytest tests"><testsuite name="pytest" errors="0" failures="0" skipped="0" tests="8" time="0.579" timestamp="2026-06-21T10:01:11.983858+00:00" hostname="agent-env-48c34575-1658-403c-9ee4-5590d1338cff"><testcase classname="backend.tests.test_leads_api.TestRoot" name="test_root_message" time="0.209" /><testcase classname="backend.tests.test_leads_api.TestLeads" name="test_create_lead_valid" time="0.049" /><testcase classname="backend.tests.test_leads_api.TestLeads" name="test_get_leads_persisted_and_sorted" time="0.042" /><testcase classname="backend.tests.test_leads_api.TestLeads" name="test_create_lead_missing_parent_name" time="0.049" /><testcase classname="backend.tests.test_leads_api.TestLeads" name="test_create_lead_missing_whatsapp" time="0.041" /><testcase classname="backend.tests.test_leads_api.TestLeads" name="test_create_lead_concern_too_short" time="0.041" /><testcase classname="backend.tests.test_leads_api.TestLeads" name="test_create_lead_missing_concern" time="0.043" /><testcase classname="backend.tests.test_leads_api.TestLeads" name="test_whatsapp_sanitisation_explicit" time="0.044" /></testsuite></testsuites>